[2025-06-17 14:16:00] Datos recibidos: imei:868166052404811,tracker,250617191558,,F,191558.000,A,1922.96601,N,10201.03054,W,3.55,86.92;
[2025-06-17 14:16:00] Distancia desde última posición: 1.8279232381408 metros
[2025-06-17 14:16:00] Datos agregados a la cola persistente para IMEI: 868166052404811
[2025-06-17 14:16:00] Batch insertado correctamente: 1 registros.
[2025-06-17 14:16:02] Datos recibidos: imei:868166052404811,tracker,250617191600,,F,191600.000,A,1922.96770,N,10201.02726,W,8.62,45.56;
[2025-06-17 14:16:02] Distancia desde última posición: 6.5556157975439 metros
[2025-06-17 14:16:02] Datos agregados a la cola persistente para IMEI: 868166052404811
[2025-06-17 14:16:04] Datos recibidos: imei:864035053288172,tracker,250617191603,100%,F,191603.000,A,1925.32344,N,10204.73282,W,4.28,358.21,,1,0,0.00%,,;
[2025-06-17 14:16:04] Distancia desde última posición: 80.189098074523 metros
[2025-06-17 14:16:04] Datos agregados a la cola persistente para IMEI: 864035053288172
[2025-06-17 14:16:07] Datos recibidos: 868166052404811;
[2025-06-17 14:16:07] Enviado ON al cliente (heartbeat)
[2025-06-17 14:16:09] Datos recibidos: imei:864035053288172,tracker,250617191608,100%,F,191608.000,A,1925.33136,N,10204.73397,W,9.22,6.80,,1,0,0.00%,,;
[2025-06-17 14:16:09] Distancia desde última posición: 94.850199974902 metros
[2025-06-17 14:16:09] Datos agregados a la cola persistente para IMEI: 864035053288172
[2025-06-17 14:16:14] Datos recibidos: imei:868166052404811,tracker,250617191613,,F,191613.000,A,1923.00839,N,10201.01050,W,5.28,18.78;
[2025-06-17 14:16:14] Distancia desde última posición: 85.966300023917 metros
[2025-06-17 14:16:14] Datos agregados a la cola persistente para IMEI: 868166052404811
[2025-06-17 14:16:14] Batch insertado correctamente: 4 registros.
[2025-06-17 14:16:14] Datos recibidos: imei:864035053288172,tracker,250617191613,100%,F,191613.000,A,1925.34550,N,10204.73362,W,10.04,358.91,,1,0,0.00%,,;
[2025-06-17 14:16:14] Distancia desde última posición: 26.249544789463 metros
[2025-06-17 14:16:14] Datos agregados a la cola persistente para IMEI: 864035053288172
[2025-06-17 14:16:17] Datos recibidos: imei:864035053287661,tracker,250617191616,100%,F,191616.000,A,1924.54260,N,10203.95132,W,0.00,344.44,,1,0,0.00%,,;
[2025-06-17 14:16:17] Distancia desde última posición: 1.5229602763465 metros
[2025-06-17 14:16:17] Datos agregados a la cola persistente para IMEI: 864035053287661
[2025-06-17 14:16:22] Datos recibidos: imei:864035053288172,tracker,250617191621,100%,F,191621.000,A,1925.37049,N,10204.73338,W,6.73,1.91,,1,0,0.00%,,;
[2025-06-17 14:16:23] Distancia desde última posición: 72.617859390377 metros
[2025-06-17 14:16:23] Datos agregados a la cola persistente para IMEI: 864035053288172
